This is pdfTeX, Version 3.14159265-2.6-1.40.21 (TeX Live 2020/Arch Linux) (preloaded format=pdflatex 2020.10.14)  18 OCT 2020 18:42
entering extended mode
 restricted \write18 enabled.
 file:line:error style messages enabled.
 %&-line parsing enabled.
**main.tex
(/home/michael/IdeaProjects/ElektronikProtokoll/src/main.tex
LaTeX2e <2020-02-02> patch level 5
L3 programming layer <2020-06-03>
(/usr/share/texmf-dist/tex/latex/base/article.cls
Document Class: article 2019/12/20 v1.4l Standard LaTeX document class
(/usr/share/texmf-dist/tex/latex/base/size11.clo
File: size11.clo 2019/12/20 v1.4l Standard LaTeX file (size option)
)
\c@part=\count167
\c@section=\count168
\c@subsection=\count169
\c@subsubsection=\count170
\c@paragraph=\count171
\c@subparagraph=\count172
\c@figure=\count173
\c@table=\count174
\abovecaptionskip=\skip47
\belowcaptionskip=\skip48
\bibindent=\dimen134
)
(/usr/share/texmf-dist/tex/latex/pdfpages/pdfpages.sty
Package: pdfpages 2020/01/28 v0.5q Insert pages of external PDF documents (AM)

(/usr/share/texmf-dist/tex/latex/base/ifthen.sty
Package: ifthen 2014/09/29 v1.1c Standard LaTeX ifthen package (DPC)
)
(/usr/share/texmf-dist/tex/latex/tools/calc.sty
Package: calc 2017/05/25 v4.3 Infix arithmetic (KKT,FJ)
\calc@Acount=\count175
\calc@Bcount=\count176
\calc@Adimen=\dimen135
\calc@Bdimen=\dimen136
\calc@Askip=\skip49
\calc@Bskip=\skip50
LaTeX Info: Redefining \setlength on input line 80.
LaTeX Info: Redefining \addtolength on input line 81.
\calc@Ccount=\count177
\calc@Cskip=\skip51
)
(/usr/share/texmf-dist/tex/latex/eso-pic/eso-pic.sty
Package: eso-pic 2018/04/12 v2.0h eso-pic (RN)

(/usr/share/texmf-dist/tex/generic/atbegshi/atbegshi.sty
Package: atbegshi 2019/12/05 v1.19 At begin shipout hook (HO)

(/usr/share/texmf-dist/tex/generic/infwarerr/infwarerr.sty
Package: infwarerr 2019/12/03 v1.5 Providing info/warning/error messages (HO)
)
(/usr/share/texmf-dist/tex/generic/ltxcmds/ltxcmds.sty
Package: ltxcmds 2019/12/15 v1.24 LaTeX kernel commands for general use (HO)
)
(/usr/share/texmf-dist/tex/generic/iftex/iftex.sty
Package: iftex 2020/03/06 v1.0d TeX engine tests
))
(/usr/share/texmf-dist/tex/latex/graphics/keyval.sty
Package: keyval 2014/10/28 v1.15 key=value parser (DPC)
\KV@toks@=\toks15
)
(/usr/share/texmf-dist/tex/latex/xcolor/xcolor.sty
Package: xcolor 2016/05/11 v2.12 LaTeX color extensions (UK)

(/usr/share/texmf-dist/tex/latex/graphics-cfg/color.cfg
File: color.cfg 2016/01/02 v1.6 sample color configuration
)
Package xcolor Info: Driver file: pdftex.def on input line 225.

(/usr/share/texmf-dist/tex/latex/graphics-def/pdftex.def
File: pdftex.def 2018/01/08 v1.0l Graphics/color driver for pdftex
)
Package xcolor Info: Model `cmy' substituted by `cmy0' on input line 1348.
Package xcolor Info: Model `hsb' substituted by `rgb' on input line 1352.
Package xcolor Info: Model `RGB' extended on input line 1364.
Package xcolor Info: Model `HTML' substituted by `rgb' on input line 1366.
Package xcolor Info: Model `Hsb' substituted by `hsb' on input line 1367.
Package xcolor Info: Model `tHsb' substituted by `hsb' on input line 1368.
Package xcolor Info: Model `HSB' substituted by `hsb' on input line 1369.
Package xcolor Info: Model `Gray' substituted by `gray' on input line 1370.
Package xcolor Info: Model `wave' substituted by `hsb' on input line 1371.
))
(/usr/share/texmf-dist/tex/latex/graphics/graphicx.sty
Package: graphicx 2019/11/30 v1.2a Enhanced LaTeX Graphics (DPC,SPQR)

(/usr/share/texmf-dist/tex/latex/graphics/graphics.sty
Package: graphics 2019/11/30 v1.4a Standard LaTeX Graphics (DPC,SPQR)

(/usr/share/texmf-dist/tex/latex/graphics/trig.sty
Package: trig 2016/01/03 v1.10 sin cos tan (DPC)
)
(/usr/share/texmf-dist/tex/latex/graphics-cfg/graphics.cfg
File: graphics.cfg 2016/06/04 v1.11 sample graphics configuration
)
Package graphics Info: Driver file: pdftex.def on input line 105.
)
\Gin@req@height=\dimen137
\Gin@req@width=\dimen138
)
\AM@pagewidth=\dimen139
\AM@pageheight=\dimen140

(/usr/share/texmf-dist/tex/latex/pdfpages/pppdftex.def
File: pppdftex.def 2020/01/28 v0.5q Pdfpages driver for pdfTeX (AM)
)
\AM@pagebox=\box45
\AM@global@opts=\toks16
\AM@pagecnt=\count178
\AM@toc@title=\toks17
\c@AM@survey=\count179
\AM@templatesizebox=\box46
)
(/usr/share/texmf-dist/tex/generic/babel/babel.sty
Package: babel 2020/05/13 3.44 The Babel package

(/usr/share/texmf-dist/tex/generic/babel/babel.def
File: babel.def 2020/05/13 3.44 Babel common definitions
\babel@savecnt=\count180
\U@D=\dimen141
\l@babelnohyphens=\language86

(/usr/share/texmf-dist/tex/generic/babel/txtbabel.def)
\bbl@readstream=\read2
)
\bbl@dirlevel=\count181

(/usr/share/texmf-dist/tex/generic/babel-german/german.ldf
Language: german 2018/12/08 v2.11 German support for babel (pre-1996 orthograph
y)

(/usr/share/texmf-dist/tex/generic/babel-german/germanb.ldf
Language: germanb 2018/12/08 v2.11 German support for babel (pre-1996 orthograp
hy)
Package babel Info: Making " an active character on input line 135.
)))
(/usr/share/texmf-dist/tex/latex/amsmath/amsmath.sty
Package: amsmath 2020/01/20 v2.17e AMS math features
\@mathmargin=\skip52

For additional information on amsmath, use the `?' option.
(/usr/share/texmf-dist/tex/latex/amsmath/amstext.sty
Package: amstext 2000/06/29 v2.01 AMS text

(/usr/share/texmf-dist/tex/latex/amsmath/amsgen.sty
File: amsgen.sty 1999/11/30 v2.0 generic functions
\@emptytoks=\toks18
\ex@=\dimen142
))
(/usr/share/texmf-dist/tex/latex/amsmath/amsbsy.sty
Package: amsbsy 1999/11/29 v1.2d Bold Symbols
\pmbraise@=\dimen143
)
(/usr/share/texmf-dist/tex/latex/amsmath/amsopn.sty
Package: amsopn 2016/03/08 v2.02 operator names
)
\inf@bad=\count182
LaTeX Info: Redefining \frac on input line 227.
\uproot@=\count183
\leftroot@=\count184
LaTeX Info: Redefining \overline on input line 389.
\classnum@=\count185
\DOTSCASE@=\count186
LaTeX Info: Redefining \ldots on input line 486.
LaTeX Info: Redefining \dots on input line 489.
LaTeX Info: Redefining \cdots on input line 610.
\Mathstrutbox@=\box47
\strutbox@=\box48
\big@size=\dimen144
LaTeX Font Info:    Redeclaring font encoding OML on input line 733.
LaTeX Font Info:    Redeclaring font encoding OMS on input line 734.
\macc@depth=\count187
\c@MaxMatrixCols=\count188
\dotsspace@=\muskip16
\c@parentequation=\count189
\dspbrk@lvl=\count190
\tag@help=\toks19
\row@=\count191
\column@=\count192
\maxfields@=\count193
\andhelp@=\toks20
\eqnshift@=\dimen145
\alignsep@=\dimen146
\tagshift@=\dimen147
\tagwidth@=\dimen148
\totwidth@=\dimen149
\lineht@=\dimen150
\@envbody=\toks21
\multlinegap=\skip53
\multlinetaggap=\skip54
\mathdisplay@stack=\toks22
LaTeX Info: Redefining \[ on input line 2859.
LaTeX Info: Redefining \] on input line 2860.
)
(/usr/share/texmf-dist/tex/latex/biblatex/biblatex.sty
Package: biblatex 2019/12/01 v3.14 programmable bibliographies (PK/MW)

(/usr/share/texmf-dist/tex/latex/pdftexcmds/pdftexcmds.sty
Package: pdftexcmds 2020-06-04 v0.32 Utility functions of pdfTeX for LuaTeX (HO
)
Package pdftexcmds Info: \pdf@primitive is available.
Package pdftexcmds Info: \pdf@ifprimitive is available.
Package pdftexcmds Info: \pdfdraftmode found.
)
(/usr/share/texmf-dist/tex/latex/etoolbox/etoolbox.sty
Package: etoolbox 2019/09/21 v2.5h e-TeX tools for LaTeX (JAW)
\etb@tempcnta=\count194
)
(/usr/share/texmf-dist/tex/latex/kvoptions/kvoptions.sty
Package: kvoptions 2019/11/29 v3.13 Key value format for package options (HO)

(/usr/share/texmf-dist/tex/generic/kvsetkeys/kvsetkeys.sty
Package: kvsetkeys 2019/12/15 v1.18 Key value parser (HO)
))
(/usr/share/texmf-dist/tex/latex/logreq/logreq.sty
Package: logreq 2010/08/04 v1.0 xml request logger
\lrq@indent=\count195

(/usr/share/texmf-dist/tex/latex/logreq/logreq.def
File: logreq.def 2010/08/04 v1.0 logreq spec v1.0
))
(/usr/share/texmf-dist/tex/latex/url/url.sty
\Urlmuskip=\muskip17
Package: url 2013/09/16  ver 3.4  Verb mode for urls, etc.
)
\c@tabx@nest=\count196
\c@listtotal=\count197
\c@listcount=\count198
\c@liststart=\count199
\c@liststop=\count266
\c@citecount=\count267
\c@citetotal=\count268
\c@multicitecount=\count269
\c@multicitetotal=\count270
\c@instcount=\count271
\c@maxnames=\count272
\c@minnames=\count273
\c@maxitems=\count274
\c@minitems=\count275
\c@citecounter=\count276
\c@maxcitecounter=\count277
\c@savedcitecounter=\count278
\c@uniquelist=\count279
\c@uniquename=\count280
\c@refsection=\count281
\c@refsegment=\count282
\c@maxextratitle=\count283
\c@maxextratitleyear=\count284
\c@maxextraname=\count285
\c@maxextradate=\count286
\c@maxextraalpha=\count287
\c@abbrvpenalty=\count288
\c@highnamepenalty=\count289
\c@lownamepenalty=\count290
\c@maxparens=\count291
\c@parenlevel=\count292
\blx@tempcnta=\count293
\blx@tempcntb=\count294
\blx@tempcntc=\count295
\blx@maxsection=\count296
\blx@maxsegment@0=\count297
\blx@notetype=\count298
\blx@parenlevel@text=\count299
\blx@parenlevel@foot=\count300
\blx@sectionciteorder@0=\count301
\blx@entrysetcounter=\count302
\labelnumberwidth=\skip55
\labelalphawidth=\skip56
\biblabelsep=\skip57
\bibitemsep=\skip58
\bibnamesep=\skip59
\bibinitsep=\skip60
\bibparsep=\skip61
\bibhang=\skip62
\blx@bcfin=\read3
\blx@bcfout=\write3
\blx@langwohyphens=\language87
\c@mincomprange=\count303
\c@maxcomprange=\count304
\c@mincompwidth=\count305
Package biblatex Info: Trying to load biblatex default data model...
Package biblatex Info: ... file 'blx-dm.def' found.

(/usr/share/texmf-dist/tex/latex/biblatex/blx-dm.def
File: blx-dm.def 2019/12/01 v3.14 biblatex localization (PK/MW)
)
Package biblatex Info: Trying to load biblatex custom data model...
Package biblatex Info: ... file 'biblatex-dm.cfg' not found.
\c@afterword=\count306
\c@savedafterword=\count307
\c@annotator=\count308
\c@savedannotator=\count309
\c@author=\count310
\c@savedauthor=\count311
\c@bookauthor=\count312
\c@savedbookauthor=\count313
\c@commentator=\count314
\c@savedcommentator=\count315
\c@editor=\count316
\c@savededitor=\count317
\c@editora=\count318
\c@savededitora=\count319
\c@editorb=\count320
\c@savededitorb=\count321
\c@editorc=\count322
\c@savededitorc=\count323
\c@foreword=\count324
\c@savedforeword=\count325
\c@holder=\count326
\c@savedholder=\count327
\c@introduction=\count328
\c@savedintroduction=\count329
\c@namea=\count330
\c@savednamea=\count331
\c@nameb=\count332
\c@savednameb=\count333
\c@namec=\count334
\c@savednamec=\count335
\c@translator=\count336
\c@savedtranslator=\count337
\c@shortauthor=\count338
\c@savedshortauthor=\count339
\c@shorteditor=\count340
\c@savedshorteditor=\count341
\c@labelname=\count342
\c@savedlabelname=\count343
\c@institution=\count344
\c@savedinstitution=\count345
\c@lista=\count346
\c@savedlista=\count347
\c@listb=\count348
\c@savedlistb=\count349
\c@listc=\count350
\c@savedlistc=\count351
\c@listd=\count352
\c@savedlistd=\count353
\c@liste=\count354
\c@savedliste=\count355
\c@listf=\count356
\c@savedlistf=\count357
\c@location=\count358
\c@savedlocation=\count359
\c@organization=\count360
\c@savedorganization=\count361
\c@origlocation=\count362
\c@savedoriglocation=\count363
\c@origpublisher=\count364
\c@savedorigpublisher=\count365
\c@publisher=\count366
\c@savedpublisher=\count367
\c@language=\count368
\c@savedlanguage=\count369
\c@origlanguage=\count370
\c@savedoriglanguage=\count371
\c@pageref=\count372
\c@savedpageref=\count373
\shorthandwidth=\skip63
\shortjournalwidth=\skip64
\shortserieswidth=\skip65
\shorttitlewidth=\skip66
\shortauthorwidth=\skip67
\shorteditorwidth=\skip68
\locallabelnumberwidth=\skip69
\locallabelalphawidth=\skip70
\localshorthandwidth=\skip71
\localshortjournalwidth=\skip72
\localshortserieswidth=\skip73
\localshorttitlewidth=\skip74
\localshortauthorwidth=\skip75
\localshorteditorwidth=\skip76
Package biblatex Info: Trying to load compatibility code...
Package biblatex Info: ... file 'blx-compat.def' found.

(/usr/share/texmf-dist/tex/latex/biblatex/blx-compat.def
File: blx-compat.def 2019/12/01 v3.14 biblatex compatibility (PK/MW)
)
Package biblatex Info: Trying to load generic definitions...
Package biblatex Info: ... file 'biblatex.def' found.

(/usr/share/texmf-dist/tex/latex/biblatex/biblatex.def
File: biblatex.def 2019/12/01 v3.14 biblatex compatibility (PK/MW)
\c@textcitecount=\count374
\c@textcitetotal=\count375
\c@textcitemaxnames=\count376
\c@biburlbigbreakpenalty=\count377
\c@biburlbreakpenalty=\count378
\c@biburlnumpenalty=\count379
\c@biburlucpenalty=\count380
\c@biburllcpenalty=\count381
\biburlbigskip=\muskip18
\biburlnumskip=\muskip19
\biburlucskip=\muskip20
\biburllcskip=\muskip21
\c@smartand=\count382
)
Package biblatex Info: Trying to load bibliography style 'numeric'...
Package biblatex Info: ... file 'numeric.bbx' found.

(/usr/share/texmf-dist/tex/latex/biblatex/bbx/numeric.bbx
File: numeric.bbx 2019/12/01 v3.14 biblatex bibliography style (PK/MW)
Package biblatex Info: Trying to load bibliography style 'standard'...
Package biblatex Info: ... file 'standard.bbx' found.

(/usr/share/texmf-dist/tex/latex/biblatex/bbx/standard.bbx
File: standard.bbx 2019/12/01 v3.14 biblatex bibliography style (PK/MW)
\c@bbx:relatedcount=\count383
\c@bbx:relatedtotal=\count384
))
Package biblatex Info: Trying to load citation style 'numeric'...
Package biblatex Info: ... file 'numeric.cbx' found.

(/usr/share/texmf-dist/tex/latex/biblatex/cbx/numeric.cbx
File: numeric.cbx 2019/12/01 v3.14 biblatex citation style (PK/MW)
Package biblatex Info: Redefining '\cite'.
Package biblatex Info: Redefining '\parencite'.
Package biblatex Info: Redefining '\footcite'.
Package biblatex Info: Redefining '\footcitetext'.
Package biblatex Info: Redefining '\smartcite'.
Package biblatex Info: Redefining '\supercite'.
Package biblatex Info: Redefining '\textcite'.
Package biblatex Info: Redefining '\textcites'.
Package biblatex Info: Redefining '\cites'.
Package biblatex Info: Redefining '\parencites'.
Package biblatex Info: Redefining '\smartcites'.
)
Package biblatex Info: Trying to load configuration file...
Package biblatex Info: ... file 'biblatex.cfg' found.

(/usr/share/texmf-dist/tex/latex/biblatex/biblatex.cfg
File: biblatex.cfg 
))
(/usr/share/texmf-dist/tex/latex/csquotes/csquotes.sty
Package: csquotes 2019-12-06 v5.2j context-sensitive quotations (JAW)
\csq@reset=\count385
\csq@gtype=\count386
\csq@glevel=\count387
\csq@qlevel=\count388
\csq@maxlvl=\count389
\csq@tshold=\count390
\csq@ltx@everypar=\toks23

(/usr/share/texmf-dist/tex/latex/csquotes/csquotes.def
File: csquotes.def 2019-12-06 v5.2j csquotes generic definitions (JAW)
)
Package csquotes Info: Trying to load configuration file 'csquotes.cfg'...
Package csquotes Info: ... configuration file loaded successfully.

(/usr/share/texmf-dist/tex/latex/csquotes/csquotes.cfg
File: csquotes.cfg 
))
(/usr/share/texmf-dist/tex/latex/changepage/changepage.sty
Package: changepage 2009/10/20 v1.0c check page and change page layout
\c@cp@cntr=\count391
\cp@tempcnt=\count392
)
(/usr/share/texmf-dist/tex/latex/listings/listings.sty
\lst@mode=\count393
\lst@gtempboxa=\box49
\lst@token=\toks24
\lst@length=\count394
\lst@currlwidth=\dimen151
\lst@column=\count395
\lst@pos=\count396
\lst@lostspace=\dimen152
\lst@width=\dimen153
\lst@newlines=\count397
\lst@lineno=\count398
\lst@maxwidth=\dimen154

(/usr/share/texmf-dist/tex/latex/listings/lstmisc.sty
File: lstmisc.sty 2020/03/24 1.8d (Carsten Heinz)
\c@lstnumber=\count399
\lst@skipnumbers=\count400
\lst@framebox=\box50
)
(/usr/share/texmf-dist/tex/latex/listings/listings.cfg
File: listings.cfg 2020/03/24 1.8d listings configuration
))
Package: listings 2020/03/24 1.8d (Carsten Heinz)

(/usr/share/texmf-dist/tex/latex/cancel/cancel.sty
Package: cancel 2013/04/12 v2.2 Cancel math terms
)
(/usr/share/texmf-dist/tex/latex/amsfonts/amsfonts.sty
Package: amsfonts 2013/01/14 v3.01 Basic AMSFonts support
\symAMSa=\mathgroup4
\symAMSb=\mathgroup5
LaTeX Font Info:    Redeclaring math symbol \hbar on input line 98.
LaTeX Font Info:    Overwriting math alphabet `\mathfrak' in version `bold'
(Font)                  U/euf/m/n --> U/euf/b/n on input line 106.
)
Package csquotes Info: Checking for multilingual support...
Package csquotes Info: ... found 'babel' package.
Package csquotes Info: Adjusting default style.
Package csquotes Info: Redefining alias 'default' -> 'german'.

(/usr/share/texmf-dist/tex/latex/l3backend/l3backend-pdfmode.def
File: l3backend-pdfmode.def 2020-06-03 L3 backend support: PDF mode
\l__kernel_color_stack_int=\count401
\l__pdf_internal_box=\box51
)
(/home/michael/IdeaProjects/ElektronikProtokoll/src/main.aux
(/home/michael/IdeaProjects/ElektronikProtokoll/src/files/general.aux)
(/home/michael/IdeaProjects/ElektronikProtokoll/src/files/aufgabe-1.aux)
(/home/michael/IdeaProjects/ElektronikProtokoll/src/files/aufgabe-2.aux)
(/home/michael/IdeaProjects/ElektronikProtokoll/src/files/aufgabe-3.aux)
(/home/michael/IdeaProjects/ElektronikProtokoll/src/files/aufgabe-4.aux)
(/home/michael/IdeaProjects/ElektronikProtokoll/src/files/aufgabe-5.aux)
(/home/michael/IdeaProjects/ElektronikProtokoll/src/files/aufgabe-6.aux)
(/home/michael/IdeaProjects/ElektronikProtokoll/src/files/aufgabe-7.aux))
LaTeX Font Info:    Checking defaults for OML/cmm/m/it on input line 51.
LaTeX Font Info:    ... okay on input line 51.
LaTeX Font Info:    Checking defaults for OMS/cmsy/m/n on input line 51.
LaTeX Font Info:    ... okay on input line 51.
LaTeX Font Info:    Checking defaults for OT1/cmr/m/n on input line 51.
LaTeX Font Info:    ... okay on input line 51.
LaTeX Font Info:    Checking defaults for T1/cmr/m/n on input line 51.
LaTeX Font Info:    ... okay on input line 51.
LaTeX Font Info:    Checking defaults for TS1/cmr/m/n on input line 51.
LaTeX Font Info:    ... okay on input line 51.
LaTeX Font Info:    Checking defaults for OMX/cmex/m/n on input line 51.
LaTeX Font Info:    ... okay on input line 51.
LaTeX Font Info:    Checking defaults for U/cmr/m/n on input line 51.
LaTeX Font Info:    ... okay on input line 51.
\AtBeginShipoutBox=\box52

(/usr/share/texmf-dist/tex/context/base/mkii/supp-pdf.mkii
[Loading MPS to PDF converter (version 2006.09.02).]
\scratchcounter=\count402
\scratchdimen=\dimen155
\scratchbox=\box53
\nofMPsegments=\count403
\nofMParguments=\count404
\everyMPshowfont=\toks25
\MPscratchCnt=\count405
\MPscratchDim=\dimen156
\MPnumerator=\count406
\makeMPintoPDFobject=\count407
\everyMPtoPDFconversion=\toks26
) (/usr/share/texmf-dist/tex/latex/epstopdf-pkg/epstopdf-base.sty
Package: epstopdf-base 2020-01-24 v2.11 Base part for package epstopdf
Package epstopdf-base Info: Redefining graphics rule for `.eps' on input line 4
85.

(/usr/share/texmf-dist/tex/latex/latexconfig/epstopdf-sys.cfg
File: epstopdf-sys.cfg 2010/07/13 v1.3 Configuration of (r)epstopdf for TeX Liv
e
))
(/usr/share/texmf-dist/tex/latex/pdflscape/pdflscape.sty
Package: pdflscape 2019/12/05 v0.12 Display of landscape pages in PDF (HO)

(/usr/share/texmf-dist/tex/latex/graphics/lscape.sty
Package: lscape 2000/10/22 v3.01 Landscape Pages (DPC)
)
Package pdflscape Info: Auto-detected driver: pdftex on input line 81.
)
Package biblatex Info: Trying to load language 'german'...
Package biblatex Info: ... file 'german.lbx' found.

(/usr/share/texmf-dist/tex/latex/biblatex/lbx/german.lbx
File: german.lbx 2019/12/01 v3.14 biblatex localization (PK/MW)
)
Package biblatex Info: Input encoding 'utf8' detected.
Package biblatex Info: Automatic encoding selection.
(biblatex)             Assuming data encoding 'utf8'.
Package biblatex Info: Trying to load bibliographic data...
Package biblatex Info: ... file 'main.bbl' found.

(/home/michael/IdeaProjects/ElektronikProtokoll/src/main.bbl
/home/michael/IdeaProjects/ElektronikProtokoll/src/main.bbl:131: Illegal parame
ter number in definition of \NewValue.
<to be read again> 
                   E
l.131 ...i/Leuchtdiode#Elektrische_Eigenschaften}}
                                                  
You meant to type ## instead of #, right?
Or maybe a } was forgotten somewhere earlier, and things
are all screwed up? I'm going to assume that you meant ##.

/home/michael/IdeaProjects/ElektronikProtokoll/src/main.bbl:133: Illegal parame
ter number in definition of \abx@field@howpublished.
<to be read again> 
                   E
l.133     \endentry
                   
You meant to type ## instead of #, right?
Or maybe a } was forgotten somewhere earlier, and things
are all screwed up? I'm going to assume that you meant ##.

)
Package biblatex Info: Reference section=0 on input line 51.
Package biblatex Info: Reference segment=0 on input line 51.
\c@lstlisting=\count408
<deckblatt.pdf, id=1, 597.50829pt x 845.0471pt>
File: deckblatt.pdf Graphic file (type pdf)
<use deckblatt.pdf>
Package pdftex.def Info: deckblatt.pdf  used on input line 52.
(pdftex.def)             Requested size: 597.50682pt x 845.04504pt.
File: deckblatt.pdf Graphic file (type pdf)
<use deckblatt.pdf>
Package pdftex.def Info: deckblatt.pdf  used on input line 52.
(pdftex.def)             Requested size: 597.50682pt x 845.04504pt.
<deckblatt.pdf, id=4, page=1, 597.50829pt x 845.0471pt>
File: deckblatt.pdf Graphic file (type pdf)
<use deckblatt.pdf, page 1>
Package pdftex.def Info: deckblatt.pdf , page1 used on input line 52.
(pdftex.def)             Requested size: 597.50682pt x 845.04504pt.
File: deckblatt.pdf Graphic file (type pdf)
<use deckblatt.pdf, page 1>
Package pdftex.def Info: deckblatt.pdf , page1 used on input line 52.
(pdftex.def)             Requested size: 562.12285pt x 795.00201pt.
File: deckblatt.pdf Graphic file (type pdf)
<use deckblatt.pdf, page 1>
Package pdftex.def Info: deckblatt.pdf , page1 used on input line 52.
(pdftex.def)             Requested size: 562.12285pt x 795.00201pt.
File: deckblatt.pdf Graphic file (type pdf)
<use deckblatt.pdf, page 1>
Package pdftex.def Info: deckblatt.pdf , page1 used on input line 52.
(pdftex.def)             Requested size: 562.12285pt x 795.00201pt.
File: deckblatt.pdf Graphic file (type pdf)
<use deckblatt.pdf, page 1>
Package pdftex.def Info: deckblatt.pdf , page1 used on input line 52.
(pdftex.def)             Requested size: 562.12285pt x 795.00201pt.
 [1

 </home/michael/IdeaProjects/ElektronikProtokoll/src/deckblatt.pdf>]
(/home/michael/IdeaProjects/ElektronikProtokoll/src/main.toc
LaTeX Font Info:    Trying to load font information for U+msa on input line 8.

(/usr/share/texmf-dist/tex/latex/amsfonts/umsa.fd
File: umsa.fd 2013/01/14 v3.01 AMS symbols A
)
LaTeX Font Info:    Trying to load font information for U+msb on input line 8.

(/usr/share/texmf-dist/tex/latex/amsfonts/umsb.fd
File: umsb.fd 2013/01/14 v3.01 AMS symbols B
) [2{/var/lib/texmf/fonts/map/pdftex/updmap/pdftex.map}] [3])
\tf@toc=\write4
 [4] [5]
(/home/michael/IdeaProjects/ElektronikProtokoll/src/files/general.tex
/home/michael/IdeaProjects/ElektronikProtokoll/src/files/general.tex:25: Illega
l parameter number in definition of \abx@field@howpublished.
<to be read again> 
                   E
l.25 ...trom \cite{led-elektrische-eigenschaften}}
                                                  
You meant to type ## instead of #, right?
Or maybe a } was forgotten somewhere earlier, and things
are all screwed up? I'm going to assume that you meant ##.

[6

]
Overfull \hbox (53.87215pt too wide) in paragraph at lines 60--78
[][] 
 []

[7] [8] [9]) [10]
(/home/michael/IdeaProjects/ElektronikProtokoll/src/files/aufgabe-1.tex
[11


]
<pictures/A1.png, id=139, 275.0275pt x 347.2975pt>
File: pictures/A1.png Graphic file (type png)
<use pictures/A1.png>
Package pdftex.def Info: pictures/A1.png  used on input line 61.
(pdftex.def)             Requested size: 171.49728pt x 216.55678pt.


/home/michael/IdeaProjects/ElektronikProtokoll/src/files/aufgabe-1.tex:80: Pack
age amsmath Error: Erroneous nesting of equation structures;
(amsmath)                trying to recover with `aligned'.

See the amsmath package documentation for explanation.
Type  H <return>  for immediate help.
 ...                                              
                                                  
l.80     \end{align}
                    
Try typing  <return>  to proceed.
If that doesn't work, type  X <return>  to quit.

[12 </home/michael/IdeaProjects/ElektronikProtokoll/src/pictures/A1.png>]
<pictures/a1-praktik.png, id=147, 926.46124pt x 656.4525pt>
File: pictures/a1-praktik.png Graphic file (type png)
<use pictures/a1-praktik.png>
Package pdftex.def Info: pictures/a1-praktik.png  used on input line 104.
(pdftex.def)             Requested size: 360.0pt x 255.0839pt.


LaTeX Warning: `h' float specifier changed to `ht'.

[13] (/usr/share/texmf-dist/tex/latex/listings/lstlang1.sty
File: lstlang1.sty 2020/03/24 1.8d listings language file
)
(/usr/share/texmf-dist/tex/latex/listings/lstmisc.sty
File: lstmisc.sty 2020/03/24 1.8d (Carsten Heinz)
) [14 </home/michael/IdeaProjects/ElektronikProtokoll/src/pictures/a1-praktik.p
ng>] [15] [16]) [17]
(/home/michael/IdeaProjects/ElektronikProtokoll/src/files/aufgabe-2.tex
[18


]
<pictures/a2-praktik.png, id=172, 1211.52625pt x 660.4675pt>
File: pictures/a2-praktik.png Graphic file (type png)
<use pictures/a2-praktik.png>
Package pdftex.def Info: pictures/a2-praktik.png  used on input line 72.
(pdftex.def)             Requested size: 360.0pt x 196.2572pt.
 [19]
<pictures/a2-taster.png, id=178, 563.10374pt x 413.545pt>
File: pictures/a2-taster.png Graphic file (type png)
<use pictures/a2-taster.png>
Package pdftex.def Info: pictures/a2-taster.png  used on input line 94.
(pdftex.def)             Requested size: 208.80066pt x 153.34369pt.


LaTeX Warning: `h' float specifier changed to `ht'.

[20 </home/michael/IdeaProjects/ElektronikProtokoll/src/pictures/a2-praktik.png
>]
Overfull \hbox (33.6765pt too wide) in paragraph at lines 118--123
[]\OT1/cmr/m/n/10.95 Um in C die L[]ange ei-nes Ar-rays zu be-stim-men, m[]usst
e zu-erst mit-tels $\OML/cmm/m/it/10.95 sizeof\OT1/cmr/m/n/10.95 (\OML/cmm/m/it
/10.95 PINS\OT1/cmr/m/n/10.95 )$
 []

[21 </home/michael/IdeaProjects/ElektronikProtokoll/src/pictures/a2-taster.png>
]
<pictures/a2-game-state.png, id=187, 763.85374pt x 416.55624pt>
File: pictures/a2-game-state.png Graphic file (type png)
<use pictures/a2-game-state.png>
Package pdftex.def Info: pictures/a2-game-state.png  used on input line 165.
(pdftex.def)             Requested size: 360.0pt x 196.32173pt.
 [22] [23 </home/michael/IdeaProjects/ElektronikProtokoll/src/pictures/a2-game-
state.png>] [24]
Overfull \hbox (14.53741pt too wide) in paragraph at lines 241--244
[]\OT1/cmr/m/n/10.95 In der $\OML/cmm/m/it/10.95 init[]game\OT1/cmr/m/n/10.95 (
)$-Methode wird des Zu-stand mit-tels $\OML/cmm/m/it/10.95 game[]over$ \OT1/cmr
/m/n/10.95 zur[]uckgesetzt.
 []

[25] [26]
Overfull \hbox (1.70676pt too wide) in paragraph at lines 318--324
[]\OT1/cmr/m/n/10.95 In Li-sting 15[] wer-den die ver-wen-de-ten Hilfs-me-tho-d
en ge-zeigt. F[]ur $\OML/cmm/m/it/10.95 write[]to[]all$
 []

[27] [28] [29]) [30]
(/home/michael/IdeaProjects/ElektronikProtokoll/src/files/aufgabe-3.tex
[31


]
<pictures/a3-praktik.png, id=221, 1435.3625pt x 726.715pt>
File: pictures/a3-praktik.png Graphic file (type png)
<use pictures/a3-praktik.png>
Package pdftex.def Info: pictures/a3-praktik.png  used on input line 124.
(pdftex.def)             Requested size: 323.9978pt x 164.03607pt.
 [32 </home/michael/IdeaProjects/ElektronikProtokoll/src/pictures/a3-praktik.pn
g>] [33] [34] [35] [36] [37]) [38]
(/home/michael/IdeaProjects/ElektronikProtokoll/src/files/aufgabe-4.tex
[39


]
<pictures/a4-1.png, id=248, 390.45876pt x 128.48pt>
File: pictures/a4-1.png Graphic file (type png)
<use pictures/a4-1.png>
Package pdftex.def Info: pictures/a4-1.png  used on input line 71.
(pdftex.def)             Requested size: 360.0pt x 118.46179pt.
 [40 </home/michael/IdeaProjects/ElektronikProtokoll/src/pictures/a4-1.png>] [4
1] [42] [43] [44]
<pictures/a4-1-praktik.png, id=269, 1348.03625pt x 842.14626pt>
File: pictures/a4-1-praktik.png Graphic file (type png)
<use pictures/a4-1-praktik.png>
Package pdftex.def Info: pictures/a4-1-praktik.png  used on input line 223.
(pdftex.def)             Requested size: 360.0pt x 224.8896pt.
 [45] [46 </home/michael/IdeaProjects/ElektronikProtokoll/src/pictures/a4-1-pra
ktik.png>] [47]
<pictures/a4-2-pratik.png, id=280, 1178.4025pt x 766.865pt>
File: pictures/a4-2-pratik.png Graphic file (type png)
<use pictures/a4-2-pratik.png>
Package pdftex.def Info: pictures/a4-2-pratik.png  used on input line 314.
(pdftex.def)             Requested size: 323.9978pt x 210.84756pt.


LaTeX Warning: `h' float specifier changed to `ht'.

[48]
Overfull \hbox (10.38542pt too wide) in paragraph at lines 329--333
\OT1/cmr/m/n/10.95 C-Bibliothek hin-zu, die ver-schie-de-ne ma-the-ma-ti-sche F
unk-tio-nen zur Verf[]ugung
 []

[49 </home/michael/IdeaProjects/ElektronikProtokoll/src/pictures/a4-2-pratik.pn
g>] [50]
<pictures/Kondensator-Ladekurve.png, id=293, 482.80376pt x 276.03125pt>
File: pictures/Kondensator-Ladekurve.png Graphic file (type png)
<use pictures/Kondensator-Ladekurve.png>
Package pdftex.def Info: pictures/Kondensator-Ladekurve.png  used on input line
 424.
(pdftex.def)             Requested size: 360.0pt x 205.82674pt.
 [51]) [52 </home/michael/IdeaProjects/ElektronikProtokoll/src/pictures/Kondens
ator-Ladekurve.png>]
(/home/michael/IdeaProjects/ElektronikProtokoll/src/files/aufgabe-5.tex
[53


]
<pictures/a5-1-vorbereitung.png, id=304, 500.87125pt x 251.94125pt>
File: pictures/a5-1-vorbereitung.png Graphic file (type png)
<use pictures/a5-1-vorbereitung.png>
Package pdftex.def Info: pictures/a5-1-vorbereitung.png  used on input line 49.

(pdftex.def)             Requested size: 360.0pt x 181.09001pt.
<pictures/a5-1-fall-1.png, id=305, 497.86pt x 256.96pt>
File: pictures/a5-1-fall-1.png Graphic file (type png)
<use pictures/a5-1-fall-1.png>
Package pdftex.def Info: pictures/a5-1-fall-1.png  used on input line 75.
(pdftex.def)             Requested size: 360.0pt x 185.81091pt.


LaTeX Warning: `h' float specifier changed to `ht'.

[54 </home/michael/IdeaProjects/ElektronikProtokoll/src/pictures/a5-1-vorbereit
ung.png>] [55 </home/michael/IdeaProjects/ElektronikProtokoll/src/pictures/a5-1
-fall-1.png>]
<pictures/a5-1-fall-2.png, id=315, 461.725pt x 256.96pt>
File: pictures/a5-1-fall-2.png Graphic file (type png)
<use pictures/a5-1-fall-2.png>
Package pdftex.def Info: pictures/a5-1-fall-2.png  used on input line 116.
(pdftex.def)             Requested size: 360.0pt x 200.34956pt.


LaTeX Warning: `h' float specifier changed to `ht'.

[56] [57 </home/michael/IdeaProjects/ElektronikProtokoll/src/pictures/a5-1-fall
-2.png>]

LaTeX Warning: `h' float specifier changed to `ht'.

[58]

LaTeX Warning: `h' float specifier changed to `ht'.

[59]
<pictures/a5-praktik.png, id=330, 810.77907pt x 575.14874pt>
File: pictures/a5-praktik.png Graphic file (type png)
<use pictures/a5-praktik.png>
Package pdftex.def Info: pictures/a5-praktik.png  used on input line 260.
(pdftex.def)             Requested size: 360.0pt x 255.3831pt.


LaTeX Warning: `h' float specifier changed to `ht'.

[60] [61 </home/michael/IdeaProjects/ElektronikProtokoll/src/pictures/a5-prakti
k.png (PNG copy)>] [62] [63] [64]) [65]
(/home/michael/IdeaProjects/ElektronikProtokoll/src/files/aufgabe-6.tex
Overfull \hbox (12.70142pt too wide) in paragraph at lines 1--1
[]\OT1/cmr/bx/n/14.4 Aufgabe 6 - Mo-tor-steue-rung mit N[]ahreungssensor 
 []

[66


] [67]
Overfull \hbox (5.45786pt too wide) in paragraph at lines 89--90
\OT1/cmr/m/n/10.95 Es sol-len die By-tes ge-fun-den wer-den, wel-che an das Sch
ie-be-re-gi-ster []ubertragen
 []

[68]
<pictures/a6-praktikum.png, id=361, 876.27374pt x 626.34pt>
File: pictures/a6-praktikum.png Graphic file (type png)
<use pictures/a6-praktikum.png>
Package pdftex.def Info: pictures/a6-praktikum.png  used on input line 128.
(pdftex.def)             Requested size: 360.0pt x 257.31714pt.
 [69 </home/michael/IdeaProjects/ElektronikProtokoll/src/pictures/a6-praktikum.
png (PNG copy)>] [70] [71]
Overfull \hbox (33.2974pt too wide) in paragraph at lines 211--215
[]\OT1/cmr/m/n/10.95 Die in Li-sting 36[] ge-zeig-ten Va-ria-blen $\OML/cmm/m/i
t/10.95 segment[]index[]left$ \OT1/cmr/m/n/10.95 und $\OML/cmm/m/it/10.95 segme
nt[]index[]right$
 []

[72] [73]
Overfull \hbox (9.29669pt too wide) in paragraph at lines 313--314
[]\OT1/cmr/m/n/10.95 Da der Si-cher-heits-ab-stand 30cm be-tr[]agt, wird wahr, 
bzw. $\OML/cmm/m/it/10.95 true$\OT1/cmr/m/n/10.95 , zur[]uckgegeben,
 []

[74]
Overfull \hbox (32.13pt too wide) in paragraph at lines 333--336
[]\OT1/cmr/m/n/10.95 Zuerst wird in Li-sting 41[], je nach Dreh-rich-tung, die 
enst-pre-chen-de $\OML/cmm/m/it/10.95 segment[]index[]\OMS/cmsy/m/n/10.95 ^^C$
 []


Overfull \hbox (66.17392pt too wide) in paragraph at lines 333--336
\OT1/cmr/m/n/10.95 Va-ria-ble in $\OML/cmm/m/it/10.95 segment[]index$ \OT1/cmr/
m/n/10.95 ge-spei-chert. Der zu-geh[]orige Wert des $\OML/cmm/m/it/10.95 SEGMEN
T[]DISPLAY$
 []

[75] [76] [77] [78] [79]) [80]
(/home/michael/IdeaProjects/ElektronikProtokoll/src/files/aufgabe-7.tex
<pictures/a7-addon.png, id=401, 361.35pt x 158.09062pt>
File: pictures/a7-addon.png Graphic file (type png)
<use pictures/a7-addon.png>
Package pdftex.def Info: pictures/a7-addon.png  used on input line 9.
(pdftex.def)             Requested size: 361.34912pt x 158.09023pt.

Overfull \hbox (1.34912pt too wide) in paragraph at lines 9--10
 [][] 
 []

[81


 </home/michael/IdeaProjects/ElektronikProtokoll/src/pictures/a7-addon.png (PNG
 copy)>]

LaTeX Warning: `h' float specifier changed to `ht'.

[82]
<pictures/a7-rechnung-vorwiderstand.png, id=408, 816.04875pt x 334.24875pt>
File: pictures/a7-rechnung-vorwiderstand.png Graphic file (type png)
<use pictures/a7-rechnung-vorwiderstand.png>
Package pdftex.def Info: pictures/a7-rechnung-vorwiderstand.png  used on input 
line 105.
(pdftex.def)             Requested size: 396.55519pt x 162.42172pt.

Overfull \hbox (36.55519pt too wide) in paragraph at lines 105--106
 [][] 
 []


LaTeX Warning: `h' float specifier changed to `ht'.

[83]
Overfull \hbox (16.52957pt too wide) in paragraph at lines 136--140
\OT1/cmr/m/n/10.95 wur-de bei bei-dem als Aus- bzw. Ein-gang ver-wen-det, da di
e-ser PWM-Modulation
 []

[84 </home/michael/IdeaProjects/ElektronikProtokoll/src/pictures/a7-rechnung-vo
rwiderstand.png>]
<pictures/a7-praktik.png, id=416, 955.31906pt x 548.80031pt>
File: pictures/a7-praktik.png Graphic file (type png)
<use pictures/a7-praktik.png>
Package pdftex.def Info: pictures/a7-praktik.png  used on input line 143.
(pdftex.def)             Requested size: 360.0pt x 206.80447pt.
 [85 </home/michael/IdeaProjects/ElektronikProtokoll/src/pictures/a7-praktik.pn
g (PNG copy)>] [86]
Overfull \hbox (2.53665pt too wide) in paragraph at lines 250--252
\OT1/cmr/m/n/10.95 Schlei-fe selbst liest nur einen Buch-sta-ben vom se-ri-el-l
en In-ter-face und []ubergibt
 []

[87] [88] [89] [90] [91] [92] [93]) [94]
Overfull \hbox (57.65706pt too wide) in paragraph at lines 75--75
[]\OT1/cmr/m/n/10.95 KT-Elektronic. \OT1/cmr/m/it/10.95 Ul-tra-schall Messmo-du
l HC-SR04\OT1/cmr/m/n/10.95 . $\OT1/cmtt/m/n/10.95 https : / / www . mikrocontr
oller .
 []


Overfull \hbox (7.92963pt too wide) in paragraph at lines 75--75
\OT1/cmtt/m/n/10.95 net / attachment / 218122 / HC -[] SR04 _ ultraschallmodul 
_ beschreibung _
 []

/home/michael/IdeaProjects/ElektronikProtokoll/src/main.tex:75: Illegal paramet
er number in definition of \abx@field@howpublished.
<to be read again> 
                   E
l.75 \end
         {document}
You meant to type ## instead of #, right?
Or maybe a } was forgotten somewhere earlier, and things
are all screwed up? I'm going to assume that you meant ##.

[95

] (/home/michael/IdeaProjects/ElektronikProtokoll/src/main.aux
(/home/michael/IdeaProjects/ElektronikProtokoll/src/files/general.aux)
(/home/michael/IdeaProjects/ElektronikProtokoll/src/files/aufgabe-1.aux)
(/home/michael/IdeaProjects/ElektronikProtokoll/src/files/aufgabe-2.aux)
(/home/michael/IdeaProjects/ElektronikProtokoll/src/files/aufgabe-3.aux)
(/home/michael/IdeaProjects/ElektronikProtokoll/src/files/aufgabe-4.aux)
(/home/michael/IdeaProjects/ElektronikProtokoll/src/files/aufgabe-5.aux)
(/home/michael/IdeaProjects/ElektronikProtokoll/src/files/aufgabe-6.aux)
(/home/michael/IdeaProjects/ElektronikProtokoll/src/files/aufgabe-7.aux))
Package logreq Info: Writing requests to 'main.run.xml'.
 ) 
Here is how much of TeX's memory you used:
 14364 strings out of 480478
 243705 string characters out of 5905958
 1047874 words of memory out of 5000000
 30141 multiletter control sequences out of 15000+600000
 540446 words of font info for 54 fonts, out of 8000000 for 9000
 1143 hyphenation exceptions out of 8191
 40i,20n,57p,814b,2913s stack positions out of 5000i,500n,10000p,200000b,80000s
{/usr/share/texmf-dist/fonts/enc/dvips/cm-super/cm-super-ts1.enc}</usr/share/
texmf-dist/fonts/type1/public/amsfonts/cm/cmbx10.pfb></usr/share/texmf-dist/fon
ts/type1/public/amsfonts/cm/cmbx12.pfb></usr/share/texmf-dist/fonts/type1/publi
c/amsfonts/cm/cmbx8.pfb></usr/share/texmf-dist/fonts/type1/public/amsfonts/cm/c
mex10.pfb></usr/share/texmf-dist/fonts/type1/public/amsfonts/cm/cmmi10.pfb></us
r/share/texmf-dist/fonts/type1/public/amsfonts/cm/cmmi6.pfb></usr/share/texmf-d
ist/fonts/type1/public/amsfonts/cm/cmmi8.pfb></usr/share/texmf-dist/fonts/type1
/public/amsfonts/cm/cmr10.pfb></usr/share/texmf-dist/fonts/type1/public/amsfont
s/cm/cmr6.pfb></usr/share/texmf-dist/fonts/type1/public/amsfonts/cm/cmr8.pfb></
usr/share/texmf-dist/fonts/type1/public/amsfonts/cm/cmsy10.pfb></usr/share/texm
f-dist/fonts/type1/public/amsfonts/cm/cmsy6.pfb></usr/share/texmf-dist/fonts/ty
pe1/public/amsfonts/cm/cmsy8.pfb></usr/share/texmf-dist/fonts/type1/public/amsf
onts/cm/cmti10.pfb></usr/share/texmf-dist/fonts/type1/public/amsfonts/cm/cmtt10
.pfb></usr/share/texmf-dist/fonts/type1/public/amsfonts/cm/cmtt9.pfb></usr/shar
e/texmf-dist/fonts/type1/public/amsfonts/latxfont/line10.pfb></usr/share/texmf-
dist/fonts/type1/public/cm-super/sfrm1095.pfb>
Output written on /home/michael/IdeaProjects/ElektronikProtokoll/src/main.pdf (
95 pages, 2002035 bytes).
PDF statistics:
 515 PDF objects out of 1000 (max. 8388607)
 331 compressed objects within 4 object streams
 0 named destinations out of 1000 (max. 500000)
 111 words of extra memory for PDF output out of 10000 (max. 10000000)

